<?xml version="1.0" encoding="UTF-8"?>
<!-- Generated by org.testng.reporters.JUnitXMLReporter -->
<testsuite ignored="0" hostname="Chandramohan-PC" failures="2" tests="6" name="PVR Cinema&#039;s Application Testcases" time="184.908" errors="0" timestamp="2025-01-10T12:56:50 IST">
  <testcase classname="automation.pvr.test.HomePageTest" name="validateBookingTest" time="6.602"/>
  <testcase classname="automation.pvr.test.HomePageTest" name="validateNotifyButtonTest" time="4.434"/>
  <testcase classname="automation.pvr.test.HomePageTest" name="validateProfileTest" time="0.12">
    <failure type="org.openqa.selenium.NoSuchElementException" message="An element could not be located on the page using the given search parameters.
For documentation on this error, please visit: https://www.selenium.dev/documentation/webdriver/troubleshooting/errors#no-such-element-exception
Build info: version: &amp;apos;4.27.0&amp;apos;, revision: &amp;apos;d6e718d134&amp;apos;
System info: os.name: &amp;apos;Windows 11&amp;apos;, os.arch: &amp;apos;amd64&amp;apos;, os.version: &amp;apos;10.0&amp;apos;, java.version: &amp;apos;20&amp;apos;
Driver info: io.appium.java_client.android.AndroidDriver
Command: [f99fbb96-9e53-4b75-aabe-dffb8138714d, findElement {value=com.net.pvr:id/profileBtn, using=id}]
Capabilities {appium:appActivity: com.net.pvr.ui.home.HomeAct..., appium:appPackage: com.net.pvr, appium:databaseEnabled: false, appium:desired: {appActivity: com.net.pvr.ui.home.HomeAct..., appPackage: com.net.pvr, deviceName: emulator-5554, platformName: ANDROID, platformVersion: 8.1.0}, appium:deviceApiLevel: 27, appium:deviceManufacturer: Google, appium:deviceModel: Android SDK built for x86, appium:deviceName: emulator-5554, appium:deviceScreenDensity: 480, appium:deviceScreenSize: 1344x2992, appium:deviceUDID: emulator-5554, appium:javascriptEnabled: true, appium:locationContextEnabled: false, appium:networkConnectionEnabled: true, appium:pixelRatio: 3, appium:platformVersion: 8.1.0, appium:statBarHeight: 72, appium:takesScreenshot: true, appium:viewportRect: {height: 2776, left: 0, top: 72, width: 1344}, appium:warnings: {}, appium:webStorageEnabled: false, platformName: ANDROID}
Session ID: f99fbb96-9e53-4b75-aabe-dffb8138714d">
      <![CDATA[org.openqa.selenium.NoSuchElementException: An element could not be located on the page using the given search parameters.
For documentation on this error, please visit: https://www.selenium.dev/documentation/webdriver/troubleshooting/errors#no-such-element-exception
Build info: version: '4.27.0', revision: 'd6e718d134'
System info: os.name: 'Windows 11', os.arch: 'amd64', os.version: '10.0', java.version: '20'
Driver info: io.appium.java_client.android.AndroidDriver
Command: [f99fbb96-9e53-4b75-aabe-dffb8138714d, findElement {value=com.net.pvr:id/profileBtn, using=id}]
Capabilities {appium:appActivity: com.net.pvr.ui.home.HomeAct..., appium:appPackage: com.net.pvr, appium:databaseEnabled: false, appium:desired: {appActivity: com.net.pvr.ui.home.HomeAct..., appPackage: com.net.pvr, deviceName: emulator-5554, platformName: ANDROID, platformVersion: 8.1.0}, appium:deviceApiLevel: 27, appium:deviceManufacturer: Google, appium:deviceModel: Android SDK built for x86, appium:deviceName: emulator-5554, appium:deviceScreenDensity: 480, appium:deviceScreenSize: 1344x2992, appium:deviceUDID: emulator-5554, appium:javascriptEnabled: true, appium:locationContextEnabled: false, appium:networkConnectionEnabled: true, appium:pixelRatio: 3, appium:platformVersion: 8.1.0, appium:statBarHeight: 72, appium:takesScreenshot: true, appium:viewportRect: {height: 2776, left: 0, top: 72, width: 1344}, appium:warnings: {}, appium:webStorageEnabled: false, platformName: ANDROID}
Session ID: f99fbb96-9e53-4b75-aabe-dffb8138714d
at org.openqa.selenium.remote.ErrorCodec.decode(ErrorCodec.java:167)
at org.openqa.selenium.remote.codec.w3c.W3CHttpResponseCodec.decode(W3CHttpResponseCodec.java:138)
at org.openqa.selenium.remote.codec.w3c.W3CHttpResponseCodec.decode(W3CHttpResponseCodec.java:50)
at org.openqa.selenium.remote.HttpCommandExecutor.execute(HttpCommandExecutor.java:190)
at io.appium.java_client.remote.AppiumCommandExecutor.execute(AppiumCommandExecutor.java:237)
at org.openqa.selenium.remote.RemoteWebDriver.execute(RemoteWebDriver.java:545)
at org.openqa.selenium.remote.ElementLocation$ElementFinder$2.findElement(ElementLocation.java:165)
at org.openqa.selenium.remote.ElementLocation.findElement(ElementLocation.java:66)
at org.openqa.selenium.remote.RemoteWebDriver.findElement(RemoteWebDriver.java:368)
at org.openqa.selenium.remote.RemoteWebDriver.findElement(RemoteWebDriver.java:362)
at org.openqa.selenium.support.pagefactory.DefaultElementLocator.findElement(DefaultElementLocator.java:68)
at org.openqa.selenium.support.pagefactory.internal.LocatingElementHandler.invoke(LocatingElementHandler.java:38)
at jdk.proxy2/jdk.proxy2.$Proxy15.click(Unknown Source)
at automation.pvr.pages.HomePage.validateProfile(HomePage.java:49)
at automation.pvr.test.HomePageTest.validateProfileTest(HomePageTest.java:42)
at java.base/java.util.ArrayList.forEach(ArrayList.java:1511)
at com.intellij.rt.testng.IDEARemoteTestNG.run(IDEARemoteTestNG.java:65)
at com.intellij.rt.testng.RemoteTestNGStarter.main(RemoteTestNGStarter.java:105)
... Removed 25 stack frames]]>
    </failure>
  </testcase> <!-- validateProfileTest -->
  <testcase classname="automation.pvr.test.HomePageTest" name="validateSearchButtonTest" time="4.122"/>
  <testcase classname="automation.pvr.test.PassportPageTest" name="validatePassportPageTest" time="9.78"/>
  <testcase classname="automation.pvr.test.MorePageTest" name="validateOffersTest" time="0.09">
    <failure type="org.openqa.selenium.NoSuchElementException" message="An element could not be located on the page using the given search parameters.
For documentation on this error, please visit: https://www.selenium.dev/documentation/webdriver/troubleshooting/errors#no-such-element-exception
Build info: version: &amp;apos;4.27.0&amp;apos;, revision: &amp;apos;d6e718d134&amp;apos;
System info: os.name: &amp;apos;Windows 11&amp;apos;, os.arch: &amp;apos;amd64&amp;apos;, os.version: &amp;apos;10.0&amp;apos;, java.version: &amp;apos;20&amp;apos;
Driver info: io.appium.java_client.android.AndroidDriver
Command: [39e17ad8-b02d-475e-9e12-ed5b383188d3, findElement {value=com.net.pvr:id/moreFragment, using=id}]
Capabilities {appium:appActivity: com.net.pvr.ui.home.HomeAct..., appium:appPackage: com.net.pvr, appium:databaseEnabled: false, appium:desired: {appActivity: com.net.pvr.ui.home.HomeAct..., appPackage: com.net.pvr, deviceName: emulator-5554, platformName: ANDROID, platformVersion: 8.1.0}, appium:deviceApiLevel: 27, appium:deviceManufacturer: Google, appium:deviceModel: Android SDK built for x86, appium:deviceName: emulator-5554, appium:deviceScreenDensity: 480, appium:deviceScreenSize: 1344x2992, appium:deviceUDID: emulator-5554, appium:javascriptEnabled: true, appium:locationContextEnabled: false, appium:networkConnectionEnabled: true, appium:pixelRatio: 3, appium:platformVersion: 8.1.0, appium:statBarHeight: 72, appium:takesScreenshot: true, appium:viewportRect: {height: 2776, left: 0, top: 72, width: 1344}, appium:warnings: {}, appium:webStorageEnabled: false, platformName: ANDROID}
Session ID: 39e17ad8-b02d-475e-9e12-ed5b383188d3">
      <![CDATA[org.openqa.selenium.NoSuchElementException: An element could not be located on the page using the given search parameters.
For documentation on this error, please visit: https://www.selenium.dev/documentation/webdriver/troubleshooting/errors#no-such-element-exception
Build info: version: '4.27.0', revision: 'd6e718d134'
System info: os.name: 'Windows 11', os.arch: 'amd64', os.version: '10.0', java.version: '20'
Driver info: io.appium.java_client.android.AndroidDriver
Command: [39e17ad8-b02d-475e-9e12-ed5b383188d3, findElement {value=com.net.pvr:id/moreFragment, using=id}]
Capabilities {appium:appActivity: com.net.pvr.ui.home.HomeAct..., appium:appPackage: com.net.pvr, appium:databaseEnabled: false, appium:desired: {appActivity: com.net.pvr.ui.home.HomeAct..., appPackage: com.net.pvr, deviceName: emulator-5554, platformName: ANDROID, platformVersion: 8.1.0}, appium:deviceApiLevel: 27, appium:deviceManufacturer: Google, appium:deviceModel: Android SDK built for x86, appium:deviceName: emulator-5554, appium:deviceScreenDensity: 480, appium:deviceScreenSize: 1344x2992, appium:deviceUDID: emulator-5554, appium:javascriptEnabled: true, appium:locationContextEnabled: false, appium:networkConnectionEnabled: true, appium:pixelRatio: 3, appium:platformVersion: 8.1.0, appium:statBarHeight: 72, appium:takesScreenshot: true, appium:viewportRect: {height: 2776, left: 0, top: 72, width: 1344}, appium:warnings: {}, appium:webStorageEnabled: false, platformName: ANDROID}
Session ID: 39e17ad8-b02d-475e-9e12-ed5b383188d3
at org.openqa.selenium.remote.ErrorCodec.decode(ErrorCodec.java:167)
at org.openqa.selenium.remote.codec.w3c.W3CHttpResponseCodec.decode(W3CHttpResponseCodec.java:138)
at org.openqa.selenium.remote.codec.w3c.W3CHttpResponseCodec.decode(W3CHttpResponseCodec.java:50)
at org.openqa.selenium.remote.HttpCommandExecutor.execute(HttpCommandExecutor.java:190)
at io.appium.java_client.remote.AppiumCommandExecutor.execute(AppiumCommandExecutor.java:237)
at org.openqa.selenium.remote.RemoteWebDriver.execute(RemoteWebDriver.java:545)
at org.openqa.selenium.remote.ElementLocation$ElementFinder$2.findElement(ElementLocation.java:165)
at org.openqa.selenium.remote.ElementLocation.findElement(ElementLocation.java:66)
at org.openqa.selenium.remote.RemoteWebDriver.findElement(RemoteWebDriver.java:368)
at org.openqa.selenium.remote.RemoteWebDriver.findElement(RemoteWebDriver.java:362)
at org.openqa.selenium.support.pagefactory.DefaultElementLocator.findElement(DefaultElementLocator.java:68)
at org.openqa.selenium.support.pagefactory.internal.LocatingElementHandler.invoke(LocatingElementHandler.java:38)
at jdk.proxy2/jdk.proxy2.$Proxy15.click(Unknown Source)
at automation.pvr.pages.MorePage.validateOffers(MorePage.java:26)
at automation.pvr.test.MorePageTest.validateOffersTest(MorePageTest.java:28)
at java.base/java.util.ArrayList.forEach(ArrayList.java:1511)
at com.intellij.rt.testng.IDEARemoteTestNG.run(IDEARemoteTestNG.java:65)
at com.intellij.rt.testng.RemoteTestNGStarter.main(RemoteTestNGStarter.java:105)
... Removed 25 stack frames]]>
    </failure>
  </testcase> <!-- validateOffersTest -->
</testsuite> <!-- PVR Cinema's Application Testcases -->
